#
# There is insufficient memory for the Java Runtime Environment to continue.
# Native memory allocation (mmap) failed to map 199229440 bytes for G1 virtual space
# Possible reasons:
#   The system is out of physical RAM or swap space
#   The process is running with CompressedOops enabled, and the Java Heap may be blocking the growth of the native heap
# Possible solutions:
#   Reduce memory load on the system
#   Increase physical memory or swap space
#   Check if swap backing store is full
#   Decrease Java heap size (-Xmx/-Xms)
#   Decrease number of Java threads
#   Decrease Java thread stack sizes (-Xss)
#   Set larger code cache with -XX:ReservedCodeCacheSize=
#   JVM is running with Zero Based Compressed Oops mode in which the Java heap is
#     placed in the first 32GB address space. The Java Heap base address is the
#     maximum limit for the native heap growth. Please use -XX:HeapBaseMinAddress
#     to set the Java Heap base and to place the Java Heap above 32GB virtual address.
# This output file may be truncated or incomplete.
#
#  Out of Memory Error (os_windows.cpp:3469), pid=238704, tid=238828
#
# JRE version: OpenJDK Runtime Environment Temurin-17+35 (17.0+35) (build 17+35)
# Java VM: OpenJDK 64-Bit Server VM Temurin-17+35 (17+35, mixed mode, tiered, compressed oops, compressed class ptrs, g1 gc, windows-amd64)
# No core dump will be written. Minidumps are not enabled by default on client versions of Windows
#

---------------  S U M M A R Y ------------

Command Line: -Dfile.encoding=Cp1252 -XX:+ShowCodeDetailsInExceptionMessages animation.MainMenu

Host: Intel(R) Core(TM) i5-6200U CPU @ 2.30GHz, 4 cores, 15G,  Windows 10 , 64 bit Build 19041 (10.0.19041.1466)
Time: Thu Jan 27 22:30:55 2022 Eastern Standard Time elapsed time: 16.019683 seconds (0d 0h 0m 16s)

---------------  T H R E A D  ---------------

Current thread (0x000002427dc37610):  VMThread "VM Thread" [stack: 0x0000007fc3700000,0x0000007fc3800000] [id=238828]

Stack: [0x0000007fc3700000,0x0000007fc3800000]
Native frames: (J=compiled Java code, j=interpreted, Vv=VM code, C=native code)
V  [jvm.dll+0x674afa]
V  [jvm.dll+0x82eb44]
V  [jvm.dll+0x8302ee]
V  [jvm.dll+0x830953]
V  [jvm.dll+0x245335]
V  [jvm.dll+0x671ae9]
V  [jvm.dll+0x6665b2]
V  [jvm.dll+0x303e3b]
V  [jvm.dll+0x30b376]
V  [jvm.dll+0x35b30e]
V  [jvm.dll+0x35b53f]
V  [jvm.dll+0x2dad78]
V  [jvm.dll+0x2dde06]
V  [jvm.dll+0x2e84b8]
V  [jvm.dll+0x31c660]
V  [jvm.dll+0x834dbb]
V  [jvm.dll+0x835af4]
V  [jvm.dll+0x83600c]
V  [jvm.dll+0x8363e4]
V  [jvm.dll+0x8364b0]
V  [jvm.dll+0x7dedba]
V  [jvm.dll+0x673925]
C  [ucrtbase.dll+0x21bb2]
C  [KERNEL32.DLL+0x17034]
C  [ntdll.dll+0x52651]

VM_Operation (0x0000007fc33ffa60): G1Concurrent, mode: safepoint, requested by thread 0x000002425f999d70


---------------  P R O C E S S  ---------------

Threads class SMR info:
_java_thread_list=0x000002427f025340, length=20, elements={
0x000002425d7fb7b0, 0x000002427dc1c9a0, 0x000002427dc1dd10, 0x000002427e82c240,
0x000002427e82cd00, 0x000002427e82dab0, 0x000002427e82e460, 0x000002427e85d030,
0x000002427e8c1960, 0x000002427dc3e760, 0x000002427e9c5010, 0x000002427e9c96a0,
0x000002427ebfd2f0, 0x000002427ebfd7c0, 0x000002427ebfe1b0, 0x000002427ed42870,
0x000002427ed80020, 0x000002427f050f50, 0x000002427f051420, 0x000002427f161b60
}

Java Threads: ( => current thread )
  0x000002425d7fb7b0 JavaThread "main" [_thread_blocked, id=238748, stack(0x0000007fc3000000,0x0000007fc3100000)]
  0x000002427dc1c9a0 JavaThread "Reference Handler" daemon [_thread_blocked, id=238836, stack(0x0000007fc3800000,0x0000007fc3900000)]
  0x000002427dc1dd10 JavaThread "Finalizer" daemon [_thread_blocked, id=238840, stack(0x0000007fc3900000,0x0000007fc3a00000)]
  0x000002427e82c240 JavaThread "Signal Dispatcher" daemon [_thread_blocked, id=238848, stack(0x0000007fc3a00000,0x0000007fc3b00000)]
  0x000002427e82cd00 JavaThread "Attach Listener" daemon [_thread_blocked, id=238852, stack(0x0000007fc3b00000,0x0000007fc3c00000)]
  0x000002427e82dab0 JavaThread "Service Thread" daemon [_thread_blocked, id=238856, stack(0x0000007fc3c00000,0x0000007fc3d00000)]
  0x000002427e82e460 JavaThread "Monitor Deflation Thread" daemon [_thread_blocked, id=238860, stack(0x0000007fc3d00000,0x0000007fc3e00000)]
  0x000002427e85d030 JavaThread "C2 CompilerThread0" daemon [_thread_blocked, id=238864, stack(0x0000007fc3e00000,0x0000007fc3f00000)]
  0x000002427e8c1960 JavaThread "C1 CompilerThread0" daemon [_thread_blocked, id=238868, stack(0x0000007fc3f00000,0x0000007fc4000000)]
  0x000002427dc3e760 JavaThread "Sweeper thread" daemon [_thread_blocked, id=238880, stack(0x0000007fc4000000,0x0000007fc4100000)]
  0x000002427e9c5010 JavaThread "Notification Thread" daemon [_thread_blocked, id=238904, stack(0x0000007fc4100000,0x0000007fc4200000)]
  0x000002427e9c96a0 JavaThread "Common-Cleaner" daemon [_thread_blocked, id=238916, stack(0x0000007fc4300000,0x0000007fc4400000)]
  0x000002427ebfd2f0 JavaThread "Java2D Disposer" daemon [_thread_blocked, id=238984, stack(0x0000007fc4400000,0x0000007fc4500000)]
  0x000002427ebfd7c0 JavaThread "AWT-Shutdown" [_thread_blocked, id=238988, stack(0x0000007fc4500000,0x0000007fc4600000)]
  0x000002427ebfe1b0 JavaThread "AWT-Windows" daemon [_thread_blocked, id=238996, stack(0x0000007fc4600000,0x0000007fc4700000)]
  0x000002427ed42870 JavaThread "TimerQueue" daemon [_thread_blocked, id=239068, stack(0x0000007fc4700000,0x0000007fc4800000)]
  0x000002427ed80020 JavaThread "AWT-EventQueue-0" [_thread_blocked, id=239076, stack(0x0000007fc4800000,0x0000007fc4900000)]
  0x000002427f050f50 JavaThread "Java Sound Event Dispatcher" daemon [_thread_blocked, id=240008, stack(0x0000007fc4f00000,0x0000007fc5000000)]
  0x000002427f051420 JavaThread "Direct Clip" daemon [_thread_blocked, id=240036, stack(0x0000007fc5300000,0x0000007fc5400000)]
  0x000002427f161b60 JavaThread "Direct Clip" daemon [_thread_blocked, id=240212, stack(0x0000007fc5600000,0x0000007fc5700000)]

Other Threads:
=>0x000002427dc37610 VMThread "VM Thread" [stack: 0x0000007fc3700000,0x0000007fc3800000] [id=238828]
  0x000002427dbbb310 WatcherThread [stack: 0x0000007fc4200000,0x0000007fc4300000] [id=238908]
  0x000002425f989020 GCTaskThread "GC Thread#0" [stack: 0x0000007fc3200000,0x0000007fc3300000] [id=238760]
  0x000002427edcc990 GCTaskThread "GC Thread#1" [stack: 0x0000007fc4a00000,0x0000007fc4b00000] [id=239132]
  0x000002427edb60f0 GCTaskThread "GC Thread#2" [stack: 0x0000007fc4b00000,0x0000007fc4c00000] [id=239136]
  0x000002427edb63a0 GCTaskThread "GC Thread#3" [stack: 0x0000007fc4c00000,0x0000007fc4d00000] [id=239140]
  0x000002425f999d70 ConcurrentGCThread "G1 Main Marker" [stack: 0x0000007fc3300000,0x0000007fc3400000] [id=238764]
  0x000002425f99b790 ConcurrentGCThread "G1 Conc#0" [stack: 0x0000007fc3400000,0x0000007fc3500000] [id=238768]
  0x000002425fa1e8e0 ConcurrentGCThread "G1 Refine#0" [stack: 0x0000007fc3500000,0x0000007fc3600000] [id=238792]
  0x000002427da88430 ConcurrentGCThread "G1 Service" [stack: 0x0000007fc3600000,0x0000007fc3700000] [id=238796]

Threads with active compile tasks:

VM state: at safepoint (normal execution)

VM Mutex/Monitor currently owned by a thread:  ([mutex/lock_event])
[0x000002425f93b680] Threads_lock - owner thread: 0x000002427dc37610
[0x000002425f93b560] Heap_lock - owner thread: 0x000002425f999d70

Heap address: 0x0000000701e00000, size: 4066 MB, Compressed Oops mode: Zero based, Oop shift amount: 3

CDS archive(s) not mapped
Compressed class space mapped at: 0x0000000800000000-0x0000000840000000, reserved size: 1073741824
Narrow klass base: 0x0000000800000000, Narrow klass shift: 0, Narrow klass range: 0x40000000

GC Precious Log:
 CPUs: 4 total, 4 available
 Memory: 16263M
 Large Page Support: Disabled
 NUMA Support: Disabled
 Compressed Oops: Enabled (Zero based)
 Heap Region Size: 2M
 Heap Min Capacity: 8M
 Heap Initial Capacity: 256M
 Heap Max Capacity: 4066M
 Pre-touch: Disabled
 Parallel Workers: 4
 Concurrent Workers: 1
 Concurrent Refinement Workers: 4
 Periodic GC: Disabled

Heap:
 garbage-first heap   total 536576K, used 434657K [0x0000000701e00000, 0x0000000800000000)
  region size 2048K, 2 young (4096K), 1 survivors (2048K)
 Metaspace       used 14463K, committed 14656K, reserved 1064960K
  class space    used 1384K, committed 1472K, reserved 1048576K

Heap Regions: E=young(eden), S=young(survivor), O=old, HS=humongous(starts), HC=humongous(continues), CS=collection set, F=free, OA=open archive, CA=closed archive, TAMS=top-at-mark-start (previous, next)
|   0|0x0000000701e00000, 0x0000000702000000, 0x0000000702000000|100%|HS|  |TAMS 0x0000000702000000, 0x0000000701e00000| Complete 
|   1|0x0000000702000000, 0x0000000702200000, 0x0000000702200000|100%|HC|  |TAMS 0x0000000702200000, 0x0000000702000000| Complete 
|   2|0x0000000702200000, 0x0000000702400000, 0x0000000702400000|100%|HS|  |TAMS 0x0000000702400000, 0x0000000702200000| Complete 
|   3|0x0000000702400000, 0x0000000702600000, 0x0000000702600000|100%|HC|  |TAMS 0x0000000702600000, 0x0000000702400000| Complete 
|   4|0x0000000702600000, 0x0000000702800000, 0x0000000702800000|100%|HC|  |TAMS 0x0000000702800000, 0x0000000702600000| Complete 
|   5|0x0000000702800000, 0x0000000702a00000, 0x0000000702a00000|100%|HC|  |TAMS 0x0000000702a00000, 0x0000000702800000| Complete 
|   6|0x0000000702a00000, 0x0000000702c00000, 0x0000000702c00000|100%|HS|  |TAMS 0x0000000702c00000, 0x0000000702a00000| Complete 
|   7|0x0000000702c00000, 0x0000000702e00000, 0x0000000702e00000|100%|HC|  |TAMS 0x0000000702e00000, 0x0000000702c00000| Complete 
|   8|0x0000000702e00000, 0x0000000703000000, 0x0000000703000000|100%| O|  |TAMS 0x0000000703000000, 0x0000000702e00000| Untracked 
|   9|0x0000000703000000, 0x0000000703200000, 0x0000000703200000|100%|HS|  |TAMS 0x0000000703200000, 0x0000000703000000| Complete 
|  10|0x0000000703200000, 0x0000000703400000, 0x0000000703400000|100%|HC|  |TAMS 0x0000000703400000, 0x0000000703200000| Complete 
|  11|0x0000000703400000, 0x0000000703600000, 0x0000000703600000|100%|HC|  |TAMS 0x0000000703600000, 0x0000000703400000| Complete 
|  12|0x0000000703600000, 0x0000000703800000, 0x0000000703800000|100%|HS|  |TAMS 0x0000000703800000, 0x0000000703600000| Complete 
|  13|0x0000000703800000, 0x0000000703a00000, 0x0000000703a00000|100%|HC|  |TAMS 0x0000000703a00000, 0x0000000703800000| Complete 
|  14|0x0000000703a00000, 0x0000000703c00000, 0x0000000703c00000|100%|HC|  |TAMS 0x0000000703c00000, 0x0000000703a00000| Complete 
|  15|0x0000000703c00000, 0x0000000703e00000, 0x0000000703e00000|100%|HS|  |TAMS 0x0000000703e00000, 0x0000000703c00000| Complete 
|  16|0x0000000703e00000, 0x0000000704000000, 0x0000000704000000|100%|HC|  |TAMS 0x0000000704000000, 0x0000000703e00000| Complete 
|  17|0x0000000704000000, 0x0000000704200000, 0x0000000704200000|100%|HC|  |TAMS 0x0000000704200000, 0x0000000704000000| Complete 
|  18|0x0000000704200000, 0x0000000704400000, 0x0000000704400000|100%|HS|  |TAMS 0x0000000704400000, 0x0000000704200000| Complete 
|  19|0x0000000704400000, 0x0000000704600000, 0x0000000704600000|100%|HC|  |TAMS 0x0000000704600000, 0x0000000704400000| Complete 
|  20|0x0000000704600000, 0x0000000704800000, 0x0000000704800000|100%|HC|  |TAMS 0x0000000704800000, 0x0000000704600000| Complete 
|  21|0x0000000704800000, 0x0000000704a00000, 0x0000000704a00000|100%|HS|  |TAMS 0x0000000704a00000, 0x0000000704800000| Complete 
|  22|0x0000000704a00000, 0x0000000704c00000, 0x0000000704c00000|100%|HC|  |TAMS 0x0000000704c00000, 0x0000000704a00000| Complete 
|  23|0x0000000704c00000, 0x0000000704e00000, 0x0000000704e00000|100%|HC|  |TAMS 0x0000000704e00000, 0x0000000704c00000| Complete 
|  24|0x0000000704e00000, 0x0000000705000000, 0x0000000705000000|100%|HS|  |TAMS 0x0000000705000000, 0x0000000704e00000| Complete 
|  25|0x0000000705000000, 0x0000000705200000, 0x0000000705200000|100%|HC|  |TAMS 0x0000000705200000, 0x0000000705000000| Complete 
|  26|0x0000000705200000, 0x0000000705400000, 0x0000000705400000|100%|HC|  |TAMS 0x0000000705400000, 0x0000000705200000| Complete 
|  27|0x0000000705400000, 0x0000000705600000, 0x0000000705600000|100%|HS|  |TAMS 0x0000000705600000, 0x0000000705400000| Complete 
|  28|0x0000000705600000, 0x0000000705800000, 0x0000000705800000|100%|HC|  |TAMS 0x0000000705800000, 0x0000000705600000| Complete 
|  29|0x0000000705800000, 0x0000000705a00000, 0x0000000705a00000|100%|HC|  |TAMS 0x0000000705a00000, 0x0000000705800000| Complete 
|  30|0x0000000705a00000, 0x0000000705c00000, 0x0000000705c00000|100%|HS|  |TAMS 0x0000000705c00000, 0x0000000705a00000| Complete 
|  31|0x0000000705c00000, 0x0000000705e00000, 0x0000000705e00000|100%|HC|  |TAMS 0x0000000705e00000, 0x0000000705c00000| Complete 
|  32|0x0000000705e00000, 0x0000000706000000, 0x0000000706000000|100%|HC|  |TAMS 0x0000000706000000, 0x0000000705e00000| Complete 
|  33|0x0000000706000000, 0x0000000706200000, 0x0000000706200000|100%|HS|  |TAMS 0x0000000706200000, 0x0000000706000000| Complete 
|  34|0x0000000706200000, 0x0000000706400000, 0x0000000706400000|100%|HC|  |TAMS 0x0000000706400000, 0x0000000706200000| Complete 
|  35|0x0000000706400000, 0x0000000706600000, 0x0000000706600000|100%|HC|  |TAMS 0x0000000706600000, 0x0000000706400000| Complete 
|  36|0x0000000706600000, 0x0000000706800000, 0x0000000706800000|100%|HS|  |TAMS 0x0000000706800000, 0x0000000706600000| Complete 
|  37|0x0000000706800000, 0x0000000706a00000, 0x0000000706a00000|100%|HC|  |TAMS 0x0000000706a00000, 0x0000000706800000| Complete 
|  38|0x0000000706a00000, 0x0000000706c00000, 0x0000000706c00000|100%|HC|  |TAMS 0x0000000706c00000, 0x0000000706a00000| Complete 
|  39|0x0000000706c00000, 0x0000000706e00000, 0x0000000706e00000|100%|HS|  |TAMS 0x0000000706e00000, 0x0000000706c00000| Complete 
|  40|0x0000000706e00000, 0x0000000707000000, 0x0000000707000000|100%|HC|  |TAMS 0x0000000707000000, 0x0000000706e00000| Complete 
|  41|0x0000000707000000, 0x0000000707200000, 0x0000000707200000|100%|HC|  |TAMS 0x0000000707200000, 0x0000000707000000| Complete 
|  42|0x0000000707200000, 0x0000000707400000, 0x0000000707400000|100%|HS|  |TAMS 0x0000000707400000, 0x0000000707200000| Complete 
|  43|0x0000000707400000, 0x0000000707600000, 0x0000000707600000|100%|HC|  |TAMS 0x0000000707600000, 0x0000000707400000| Complete 
|  44|0x0000000707600000, 0x0000000707800000, 0x0000000707800000|100%|HC|  |TAMS 0x0000000707800000, 0x0000000707600000| Complete 
|  45|0x0000000707800000, 0x0000000707a00000, 0x0000000707a00000|100%|HS|  |TAMS 0x0000000707a00000, 0x0000000707800000| Complete 
|  46|0x0000000707a00000, 0x0000000707c00000, 0x0000000707c00000|100%|HC|  |TAMS 0x0000000707c00000, 0x0000000707a00000| Complete 
|  47|0x0000000707c00000, 0x0000000707e00000, 0x0000000707e00000|100%|HC|  |TAMS 0x0000000707e00000, 0x0000000707c00000| Complete 
|  48|0x0000000707e00000, 0x0000000708000000, 0x0000000708000000|100%|HS|  |TAMS 0x0000000708000000, 0x0000000707e00000| Complete 
|  49|0x0000000708000000, 0x0000000708200000, 0x0000000708200000|100%|HC|  |TAMS 0x0000000708200000, 0x0000000708000000| Complete 
|  50|0x0000000708200000, 0x0000000708400000, 0x0000000708400000|100%|HC|  |TAMS 0x0000000708400000, 0x0000000708200000| Complete 
|  51|0x0000000708400000, 0x0000000708600000, 0x0000000708600000|100%|HS|  |TAMS 0x0000000708600000, 0x0000000708400000| Complete 
|  52|0x0000000708600000, 0x0000000708800000, 0x0000000708800000|100%|HC|  |TAMS 0x0000000708800000, 0x0000000708600000| Complete 
|  53|0x0000000708800000, 0x0000000708a00000, 0x0000000708a00000|100%|HC|  |TAMS 0x0000000708a00000, 0x0000000708800000| Complete 
|  54|0x0000000708a00000, 0x0000000708c00000, 0x0000000708c00000|100%|HS|  |TAMS 0x0000000708c00000, 0x0000000708a00000| Complete 
|  55|0x0000000708c00000, 0x0000000708e00000, 0x0000000708e00000|100%|HC|  |TAMS 0x0000000708e00000, 0x0000000708c00000| Complete 
|  56|0x0000000708e00000, 0x0000000709000000, 0x0000000709000000|100%|HC|  |TAMS 0x0000000709000000, 0x0000000708e00000| Complete 
|  57|0x0000000709000000, 0x0000000709200000, 0x0000000709200000|100%|HS|  |TAMS 0x0000000709200000, 0x0000000709000000| Complete 
|  58|0x0000000709200000, 0x0000000709400000, 0x0000000709400000|100%|HC|  |TAMS 0x0000000709400000, 0x0000000709200000| Complete 
|  59|0x0000000709400000, 0x0000000709600000, 0x0000000709600000|100%|HC|  |TAMS 0x0000000709600000, 0x0000000709400000| Complete 
|  60|0x0000000709600000, 0x0000000709800000, 0x0000000709800000|100%|HS|  |TAMS 0x0000000709800000, 0x0000000709600000| Complete 
|  61|0x0000000709800000, 0x0000000709a00000, 0x0000000709a00000|100%|HC|  |TAMS 0x0000000709a00000, 0x0000000709800000| Complete 
|  62|0x0000000709a00000, 0x0000000709c00000, 0x0000000709c00000|100%|HC|  |TAMS 0x0000000709c00000, 0x0000000709a00000| Complete 
|  63|0x0000000709c00000, 0x0000000709e00000, 0x0000000709e00000|100%|HS|  |TAMS 0x0000000709e00000, 0x0000000709c00000| Complete 
|  64|0x0000000709e00000, 0x000000070a000000, 0x000000070a000000|100%|HC|  |TAMS 0x000000070a000000, 0x0000000709e00000| Complete 
|  65|0x000000070a000000, 0x000000070a200000, 0x000000070a200000|100%|HC|  |TAMS 0x000000070a200000, 0x000000070a000000| Complete 
|  66|0x000000070a200000, 0x000000070a400000, 0x000000070a400000|100%|HS|  |TAMS 0x000000070a400000, 0x000000070a200000| Complete 
|  67|0x000000070a400000, 0x000000070a600000, 0x000000070a600000|100%|HC|  |TAMS 0x000000070a600000, 0x000000070a400000| Complete 
|  68|0x000000070a600000, 0x000000070a800000, 0x000000070a800000|100%|HC|  |TAMS 0x000000070a800000, 0x000000070a600000| Complete 
|  69|0x000000070a800000, 0x000000070aa00000, 0x000000070aa00000|100%|HS|  |TAMS 0x000000070aa00000, 0x000000070a800000| Complete 
|  70|0x000000070aa00000, 0x000000070ac00000, 0x000000070ac00000|100%|HC|  |TAMS 0x000000070ac00000, 0x000000070aa00000| Complete 
|  71|0x000000070ac00000, 0x000000070ae00000, 0x000000070ae00000|100%|HC|  |TAMS 0x000000070ae00000, 0x000000070ac00000| Complete 
|  72|0x000000070ae00000, 0x000000070b000000, 0x000000070b000000|100%|HS|  |TAMS 0x000000070b000000, 0x000000070ae00000| Complete 
|  73|0x000000070b000000, 0x000000070b200000, 0x000000070b200000|100%|HC|  |TAMS 0x000000070b200000, 0x000000070b000000| Complete 
|  74|0x000000070b200000, 0x000000070b400000, 0x000000070b400000|100%|HC|  |TAMS 0x000000070b400000, 0x000000070b200000| Complete 
|  75|0x000000070b400000, 0x000000070b600000, 0x000000070b600000|100%|HS|  |TAMS 0x000000070b600000, 0x000000070b400000| Complete 
|  76|0x000000070b600000, 0x000000070b800000, 0x000000070b800000|100%|HC|  |TAMS 0x000000070b800000, 0x000000070b600000| Complete 
|  77|0x000000070b800000, 0x000000070ba00000, 0x000000070ba00000|100%|HC|  |TAMS 0x000000070ba00000, 0x000000070b800000| Complete 
|  78|0x000000070ba00000, 0x000000070bc00000, 0x000000070bc00000|100%|HS|  |TAMS 0x000000070bc00000, 0x000000070ba00000| Complete 
|  79|0x000000070bc00000, 0x000000070be00000, 0x000000070be00000|100%|HC|  |TAMS 0x000000070be00000, 0x000000070bc00000| Complete 
|  80|0x000000070be00000, 0x000000070c000000, 0x000000070c000000|100%|HC|  |TAMS 0x000000070c000000, 0x000000070be00000| Complete 
|  81|0x000000070c000000, 0x000000070c200000, 0x000000070c200000|100%|HS|  |TAMS 0x000000070c200000, 0x000000070c000000| Complete 
|  82|0x000000070c200000, 0x000000070c400000, 0x000000070c400000|100%|HC|  |TAMS 0x000000070c400000, 0x000000070c200000| Complete 
|  83|0x000000070c400000, 0x000000070c600000, 0x000000070c600000|100%|HC|  |TAMS 0x000000070c600000, 0x000000070c400000| Complete 
|  84|0x000000070c600000, 0x000000070c800000, 0x000000070c800000|100%|HS|  |TAMS 0x000000070c800000, 0x000000070c600000| Complete 
|  85|0x000000070c800000, 0x000000070ca00000, 0x000000070ca00000|100%|HC|  |TAMS 0x000000070ca00000, 0x000000070c800000| Complete 
|  86|0x000000070ca00000, 0x000000070cc00000, 0x000000070cc00000|100%|HC|  |TAMS 0x000000070cc00000, 0x000000070ca00000| Complete 
|  87|0x000000070cc00000, 0x000000070ce00000, 0x000000070ce00000|100%|HS|  |TAMS 0x000000070ce00000, 0x000000070cc00000| Complete 
|  88|0x000000070ce00000, 0x000000070d000000, 0x000000070d000000|100%|HC|  |TAMS 0x000000070d000000, 0x000000070ce00000| Complete 
|  89|0x000000070d000000, 0x000000070d200000, 0x000000070d200000|100%|HC|  |TAMS 0x000000070d200000, 0x000000070d000000| Complete 
|  90|0x000000070d200000, 0x000000070d400000, 0x000000070d400000|100%|HS|  |TAMS 0x000000070d400000, 0x000000070d200000| Complete 
|  91|0x000000070d400000, 0x000000070d600000, 0x000000070d600000|100%|HC|  |TAMS 0x000000070d600000, 0x000000070d400000| Complete 
|  92|0x000000070d600000, 0x000000070d800000, 0x000000070d800000|100%|HC|  |TAMS 0x000000070d800000, 0x000000070d600000| Complete 
|  93|0x000000070d800000, 0x000000070da00000, 0x000000070da00000|100%|HS|  |TAMS 0x000000070da00000, 0x000000070d800000| Complete 
|  94|0x000000070da00000, 0x000000070dc00000, 0x000000070dc00000|100%|HC|  |TAMS 0x000000070dc00000, 0x000000070da00000| Complete 
|  95|0x000000070dc00000, 0x000000070de00000, 0x000000070de00000|100%|HC|  |TAMS 0x000000070de00000, 0x000000070dc00000| Complete 
|  96|0x000000070de00000, 0x000000070de00000, 0x000000070e000000|  0%| F|  |TAMS 0x000000070de00000, 0x000000070de00000| Untracked 
|  97|0x000000070e000000, 0x000000070e200000, 0x000000070e200000|100%|HS|  |TAMS 0x000000070e200000, 0x000000070e000000| Complete 
|  98|0x000000070e200000, 0x000000070e400000, 0x000000070e400000|100%|HC|  |TAMS 0x000000070e400000, 0x000000070e200000| Complete 
|  99|0x000000070e400000, 0x000000070e600000, 0x000000070e600000|100%|HS|  |TAMS 0x000000070e600000, 0x000000070e400000| Complete 
| 100|0x000000070e600000, 0x000000070e800000, 0x000000070e800000|100%|HC|  |TAMS 0x000000070e800000, 0x000000070e600000| Complete 
| 101|0x000000070e800000, 0x000000070ea00000, 0x000000070ea00000|100%|HS|  |TAMS 0x000000070ea00000, 0x000000070e800000| Complete 
| 102|0x000000070ea00000, 0x000000070ec00000, 0x000000070ec00000|100%|HC|  |TAMS 0x000000070ec00000, 0x000000070ea00000| Complete 
| 103|0x000000070ec00000, 0x000000070ee00000, 0x000000070ee00000|100%|HC|  |TAMS 0x000000070ee00000, 0x000000070ec00000| Complete 
| 104|0x000000070ee00000, 0x000000070f000000, 0x000000070f000000|100%|HC|  |TAMS 0x000000070f000000, 0x000000070ee00000| Complete 
| 105|0x000000070f000000, 0x000000070f200000, 0x000000070f200000|100%|HS|  |TAMS 0x000000070f200000, 0x000000070f000000| Complete 
| 106|0x000000070f200000, 0x000000070f400000, 0x000000070f400000|100%|HC|  |TAMS 0x000000070f400000, 0x000000070f200000| Complete 
| 107|0x000000070f400000, 0x000000070f600000, 0x000000070f600000|100%|HC|  |TAMS 0x000000070f600000, 0x000000070f400000| Complete 
| 108|0x000000070f600000, 0x000000070f800000, 0x000000070f800000|100%|HC|  |TAMS 0x000000070f800000, 0x000000070f600000| Complete 
| 109|0x000000070f800000, 0x000000070fa00000, 0x000000070fa00000|100%|HS|  |TAMS 0x000000070fa00000, 0x000000070f800000| Complete 
| 110|0x000000070fa00000, 0x000000070fc00000, 0x000000070fc00000|100%|HC|  |TAMS 0x000000070fc00000, 0x000000070fa00000| Complete 
| 111|0x000000070fc00000, 0x000000070fe00000, 0x000000070fe00000|100%|HC|  |TAMS 0x000000070fe00000, 0x000000070fc00000| Complete 
| 112|0x000000070fe00000, 0x0000000710000000, 0x0000000710000000|100%|HC|  |TAMS 0x0000000710000000, 0x000000070fe00000| Complete 
| 113|0x0000000710000000, 0x0000000710200000, 0x0000000710200000|100%|HS|  |TAMS 0x0000000710200000, 0x0000000710000000| Complete 
| 114|0x0000000710200000, 0x0000000710400000, 0x0000000710400000|100%|HC|  |TAMS 0x0000000710400000, 0x0000000710200000| Complete 
| 115|0x0000000710400000, 0x0000000710600000, 0x0000000710600000|100%|HC|  |TAMS 0x0000000710600000, 0x0000000710400000| Complete 
| 116|0x0000000710600000, 0x0000000710800000, 0x0000000710800000|100%|HC|  |TAMS 0x0000000710800000, 0x0000000710600000| Complete 
| 117|0x0000000710800000, 0x0000000710a00000, 0x0000000710a00000|100%|HS|  |TAMS 0x0000000710a00000, 0x0000000710800000| Complete 
| 118|0x0000000710a00000, 0x0000000710c00000, 0x0000000710c00000|100%|HC|  |TAMS 0x0000000710c00000, 0x0000000710a00000| Complete 
| 119|0x0000000710c00000, 0x0000000710e00000, 0x0000000710e00000|100%|HC|  |TAMS 0x0000000710e00000, 0x0000000710c00000| Complete 
| 120|0x0000000710e00000, 0x0000000711000000, 0x0000000711000000|100%|HC|  |TAMS 0x0000000711000000, 0x0000000710e00000| Complete 
| 121|0x0000000711000000, 0x0000000711200000, 0x0000000711200000|100%|HS|  |TAMS 0x0000000711200000, 0x0000000711000000| Complete 
| 122|0x0000000711200000, 0x0000000711400000, 0x0000000711400000|100%|HC|  |TAMS 0x0000000711400000, 0x0000000711200000| Complete 
| 123|0x0000000711400000, 0x0000000711600000, 0x0000000711600000|100%|HC|  |TAMS 0x0000000711600000, 0x0000000711400000| Complete 
| 124|0x0000000711600000, 0x0000000711800000, 0x0000000711800000|100%|HC|  |TAMS 0x0000000711800000, 0x0000000711600000| Complete 
| 125|0x0000000711800000, 0x0000000711a00000, 0x0000000711a00000|100%|HS|  |TAMS 0x0000000711a00000, 0x0000000711800000| Complete 
| 126|0x0000000711a00000, 0x0000000711c00000, 0x0000000711c00000|100%|HC|  |TAMS 0x0000000711c00000, 0x0000000711a00000| Complete 
| 127|0x0000000711c00000, 0x0000000711e00000, 0x0000000711e00000|100%|HC|  |TAMS 0x0000000711e00000, 0x0000000711c00000| Complete 
| 128|0x0000000711e00000, 0x0000000712000000, 0x0000000712000000|100%|HC|  |TAMS 0x0000000712000000, 0x0000000711e00000| Complete 
| 129|0x0000000712000000, 0x0000000712200000, 0x0000000712200000|100%|HS|  |TAMS 0x0000000712200000, 0x0000000712000000| Complete 
| 130|0x0000000712200000, 0x0000000712400000, 0x0000000712400000|100%|HC|  |TAMS 0x0000000712400000, 0x0000000712200000| Complete 
| 131|0x0000000712400000, 0x0000000712600000, 0x0000000712600000|100%|HC|  |TAMS 0x0000000712600000, 0x0000000712400000| Complete 
| 132|0x0000000712600000, 0x0000000712800000, 0x0000000712800000|100%|HC|  |TAMS 0x0000000712800000, 0x0000000712600000| Complete 
| 133|0x0000000712800000, 0x0000000712a00000, 0x0000000712a00000|100%|HS|  |TAMS 0x0000000712a00000, 0x0000000712800000| Complete 
| 134|0x0000000712a00000, 0x0000000712c00000, 0x0000000712c00000|100%|HC|  |TAMS 0x0000000712c00000, 0x0000000712a00000| Complete 
| 135|0x0000000712c00000, 0x0000000712e00000, 0x0000000712e00000|100%|HC|  |TAMS 0x0000000712e00000, 0x0000000712c00000| Complete 
| 136|0x0000000712e00000, 0x0000000713000000, 0x0000000713000000|100%|HC|  |TAMS 0x0000000713000000, 0x0000000712e00000| Complete 
| 137|0x0000000713000000, 0x0000000713200000, 0x0000000713200000|100%|HS|  |TAMS 0x0000000713200000, 0x0000000713000000| Complete 
| 138|0x0000000713200000, 0x0000000713400000, 0x0000000713400000|100%|HC|  |TAMS 0x0000000713400000, 0x0000000713200000| Complete 
| 139|0x0000000713400000, 0x0000000713600000, 0x0000000713600000|100%|HC|  |TAMS 0x0000000713600000, 0x0000000713400000| Complete 
| 140|0x0000000713600000, 0x0000000713800000, 0x0000000713800000|100%|HC|  |TAMS 0x0000000713800000, 0x0000000713600000| Complete 
| 141|0x0000000713800000, 0x0000000713a00000, 0x0000000713a00000|100%|HS|  |TAMS 0x0000000713a00000, 0x0000000713800000| Complete 
| 142|0x0000000713a00000, 0x0000000713c00000, 0x0000000713c00000|100%|HC|  |TAMS 0x0000000713c00000, 0x0000000713a00000| Complete 
| 143|0x0000000713c00000, 0x0000000713e00000, 0x0000000713e00000|100%|HC|  |TAMS 0x0000000713e00000, 0x0000000713c00000| Complete 
| 144|0x0000000713e00000, 0x0000000714000000, 0x0000000714000000|100%|HC|  |TAMS 0x0000000714000000, 0x0000000713e00000| Complete 
| 145|0x0000000714000000, 0x0000000714200000, 0x0000000714200000|100%|HS|  |TAMS 0x0000000714200000, 0x0000000714000000| Complete 
| 146|0x0000000714200000, 0x0000000714400000, 0x0000000714400000|100%|HC|  |TAMS 0x0000000714400000, 0x0000000714200000| Complete 
| 147|0x0000000714400000, 0x0000000714600000, 0x0000000714600000|100%|HC|  |TAMS 0x0000000714600000, 0x0000000714400000| Complete 
| 148|0x0000000714600000, 0x0000000714800000, 0x0000000714800000|100%|HC|  |TAMS 0x0000000714800000, 0x0000000714600000| Complete 
| 149|0x0000000714800000, 0x0000000714a00000, 0x0000000714a00000|100%|HS|  |TAMS 0x0000000714a00000, 0x0000000714800000| Complete 
| 150|0x0000000714a00000, 0x0000000714c00000, 0x0000000714c00000|100%|HC|  |TAMS 0x0000000714c00000, 0x0000000714a00000| Complete 
| 151|0x0000000714c00000, 0x0000000714e00000, 0x0000000714e00000|100%|HC|  |TAMS 0x0000000714e00000, 0x0000000714c00000| Complete 
| 152|0x0000000714e00000, 0x0000000715000000, 0x0000000715000000|100%|HC|  |TAMS 0x0000000715000000, 0x0000000714e00000| Complete 
| 153|0x0000000715000000, 0x0000000715200000, 0x0000000715200000|100%|HS|  |TAMS 0x0000000715200000, 0x0000000715000000| Complete 
| 154|0x0000000715200000, 0x0000000715400000, 0x0000000715400000|100%|HC|  |TAMS 0x0000000715400000, 0x0000000715200000| Complete 
| 155|0x0000000715400000, 0x0000000715600000, 0x0000000715600000|100%|HC|  |TAMS 0x0000000715600000, 0x0000000715400000| Complete 
| 156|0x0000000715600000, 0x0000000715800000, 0x0000000715800000|100%|HC|  |TAMS 0x0000000715800000, 0x0000000715600000| Complete 
| 157|0x0000000715800000, 0x0000000715a00000, 0x0000000715a00000|100%|HS|  |TAMS 0x0000000715a00000, 0x0000000715800000| Complete 
| 158|0x0000000715a00000, 0x0000000715c00000, 0x0000000715c00000|100%|HC|  |TAMS 0x0000000715c00000, 0x0000000715a00000| Complete 
| 159|0x0000000715c00000, 0x0000000715e00000, 0x0000000715e00000|100%|HC|  |TAMS 0x0000000715e00000, 0x0000000715c00000| Complete 
| 160|0x0000000715e00000, 0x0000000716000000, 0x0000000716000000|100%|HC|  |TAMS 0x0000000716000000, 0x0000000715e00000| Complete 
| 161|0x0000000716000000, 0x0000000716200000, 0x0000000716200000|100%|HS|  |TAMS 0x0000000716200000, 0x0000000716000000| Complete 
| 162|0x0000000716200000, 0x0000000716400000, 0x0000000716400000|100%|HC|  |TAMS 0x0000000716400000, 0x0000000716200000| Complete 
| 163|0x0000000716400000, 0x0000000716600000, 0x0000000716600000|100%|HC|  |TAMS 0x0000000716600000, 0x0000000716400000| Complete 
| 164|0x0000000716600000, 0x0000000716800000, 0x0000000716800000|100%|HC|  |TAMS 0x0000000716800000, 0x0000000716600000| Complete 
| 165|0x0000000716800000, 0x0000000716a00000, 0x0000000716a00000|100%|HS|  |TAMS 0x0000000716a00000, 0x0000000716800000| Complete 
| 166|0x0000000716a00000, 0x0000000716c00000, 0x0000000716c00000|100%|HC|  |TAMS 0x0000000716c00000, 0x0000000716a00000| Complete 
| 167|0x0000000716c00000, 0x0000000716e00000, 0x0000000716e00000|100%|HC|  |TAMS 0x0000000716e00000, 0x0000000716c00000| Complete 
| 168|0x0000000716e00000, 0x0000000717000000, 0x0000000717000000|100%|HC|  |TAMS 0x0000000717000000, 0x0000000716e00000| Complete 
| 169|0x0000000717000000, 0x0000000717200000, 0x0000000717200000|100%|HS|  |TAMS 0x0000000717200000, 0x0000000717000000| Complete 
| 170|0x0000000717200000, 0x0000000717400000, 0x0000000717400000|100%|HC|  |TAMS 0x0000000717400000, 0x0000000717200000| Complete 
| 171|0x0000000717400000, 0x0000000717600000, 0x0000000717600000|100%|HC|  |TAMS 0x0000000717600000, 0x0000000717400000| Complete 
| 172|0x0000000717600000, 0x0000000717800000, 0x0000000717800000|100%|HC|  |TAMS 0x0000000717800000, 0x0000000717600000| Complete 
| 173|0x0000000717800000, 0x0000000717a00000, 0x0000000717a00000|100%|HS|  |TAMS 0x0000000717a00000, 0x0000000717800000| Complete 
| 174|0x0000000717a00000, 0x0000000717c00000, 0x0000000717c00000|100%|HC|  |TAMS 0x0000000717c00000, 0x0000000717a00000| Complete 
| 175|0x0000000717c00000, 0x0000000717e00000, 0x0000000717e00000|100%|HS|  |TAMS 0x0000000717e00000, 0x0000000717c00000| Complete 
| 176|0x0000000717e00000, 0x0000000718000000, 0x0000000718000000|100%|HC|  |TAMS 0x0000000718000000, 0x0000000717e00000| Complete 
| 177|0x0000000718000000, 0x0000000718200000, 0x0000000718200000|100%|HS|  |TAMS 0x0000000718200000, 0x0000000718000000| Complete 
| 178|0x0000000718200000, 0x0000000718400000, 0x0000000718400000|100%|HC|  |TAMS 0x0000000718400000, 0x0000000718200000| Complete 
| 179|0x0000000718400000, 0x0000000718600000, 0x0000000718600000|100%|HC|  |TAMS 0x0000000718600000, 0x0000000718400000| Complete 
| 180|0x0000000718600000, 0x0000000718800000, 0x0000000718800000|100%|HS|  |TAMS 0x0000000718800000, 0x0000000718600000| Complete 
| 181|0x0000000718800000, 0x0000000718a00000, 0x0000000718a00000|100%|HC|  |TAMS 0x0000000718a00000, 0x0000000718800000| Complete 
| 182|0x0000000718a00000, 0x0000000718c00000, 0x0000000718c00000|100%|HS|  |TAMS 0x0000000718c00000, 0x0000000718a00000| Complete 
| 183|0x0000000718c00000, 0x0000000718e00000, 0x0000000718e00000|100%|HC|  |TAMS 0x0000000718e00000, 0x0000000718c00000| Complete 
| 184|0x0000000718e00000, 0x0000000719000000, 0x0000000719000000|100%|HS|  |TAMS 0x0000000719000000, 0x0000000718e00000| Complete 
| 185|0x0000000719000000, 0x0000000719200000, 0x0000000719200000|100%|HC|  |TAMS 0x0000000719200000, 0x0000000719000000| Complete 
| 186|0x0000000719200000, 0x0000000719400000, 0x0000000719400000|100%|HC|  |TAMS 0x0000000719400000, 0x0000000719200000| Complete 
| 187|0x0000000719400000, 0x0000000719600000, 0x0000000719600000|100%|HS|  |TAMS 0x0000000719600000, 0x0000000719400000| Complete 
| 188|0x0000000719600000, 0x0000000719800000, 0x0000000719800000|100%|HC|  |TAMS 0x0000000719800000, 0x0000000719600000| Complete 
| 189|0x0000000719800000, 0x0000000719a00000, 0x0000000719a00000|100%|HS|  |TAMS 0x0000000719a00000, 0x0000000719800000| Complete 
| 190|0x0000000719a00000, 0x0000000719c00000, 0x0000000719c00000|100%|HC|  |TAMS 0x0000000719c00000, 0x0000000719a00000| Complete 
| 191|0x0000000719c00000, 0x0000000719e00000, 0x0000000719e00000|100%|HS|  |TAMS 0x0000000719e00000, 0x0000000719c00000| Complete 
| 192|0x0000000719e00000, 0x000000071a000000, 0x000000071a000000|100%|HC|  |TAMS 0x000000071a000000, 0x0000000719e00000| Complete 
| 193|0x000000071a000000, 0x000000071a200000, 0x000000071a200000|100%|HS|  |TAMS 0x000000071a200000, 0x000000071a000000| Complete 
| 194|0x000000071a200000, 0x000000071a400000, 0x000000071a400000|100%|HC|  |TAMS 0x000000071a400000, 0x000000071a200000| Complete 
| 195|0x000000071a400000, 0x000000071a600000, 0x000000071a600000|100%|HS|  |TAMS 0x000000071a600000, 0x000000071a400000| Complete 
| 196|0x000000071a600000, 0x000000071a800000, 0x000000071a800000|100%|HC|  |TAMS 0x000000071a800000, 0x000000071a600000| Complete 
| 197|0x000000071a800000, 0x000000071aa00000, 0x000000071aa00000|100%|HC|  |TAMS 0x000000071aa00000, 0x000000071a800000| Complete 
| 198|0x000000071aa00000, 0x000000071aa00000, 0x000000071ac00000|  0%| F|  |TAMS 0x000000071aa00000, 0x000000071aa00000| Untracked 
| 199|0x000000071ac00000, 0x000000071ae00000, 0x000000071ae00000|100%|HS|  |TAMS 0x000000071ae00000, 0x000000071ac00000| Complete 
| 200|0x000000071ae00000, 0x000000071b000000, 0x000000071b000000|100%|HC|  |TAMS 0x000000071b000000, 0x000000071ae00000| Complete 
| 201|0x000000071b000000, 0x000000071b200000, 0x000000071b200000|100%|HS|  |TAMS 0x000000071b200000, 0x000000071b000000| Complete 
| 202|0x000000071b200000, 0x000000071b400000, 0x000000071b400000|100%|HC|  |TAMS 0x000000071b400000, 0x000000071b200000| Complete 
| 203|0x000000071b400000, 0x000000071b600000, 0x000000071b600000|100%|HS|  |TAMS 0x000000071b600000, 0x000000071b400000| Complete 
| 204|0x000000071b600000, 0x000000071b800000, 0x000000071b800000|100%|HC|  |TAMS 0x000000071b800000, 0x000000071b600000| Complete 
| 205|0x000000071b800000, 0x000000071ba00000, 0x000000071ba00000|100%|HC|  |TAMS 0x000000071ba00000, 0x000000071b800000| Complete 
| 206|0x000000071ba00000, 0x000000071bc00000, 0x000000071bc00000|100%|HC|  |TAMS 0x000000071bc00000, 0x000000071ba00000| Complete 
| 207|0x000000071bc00000, 0x000000071be00000, 0x000000071be00000|100%| O|  |TAMS 0x000000071be00000, 0x000000071bc00000| Untracked 
| 208|0x000000071be00000, 0x000000071c000000, 0x000000071c000000|100%| O|  |TAMS 0x000000071c000000, 0x000000071be00000| Untracked 
| 209|0x000000071c000000, 0x000000071c200000, 0x000000071c200000|100%| O|  |TAMS 0x000000071c200000, 0x000000071c000000| Updating 
| 210|0x000000071c200000, 0x000000071c400000, 0x000000071c400000|100%| O|  |TAMS 0x000000071c400000, 0x000000071c200000| Untracked 
| 211|0x000000071c400000, 0x000000071c4dde00, 0x000000071c600000| 43%| O|  |TAMS 0x000000071c4dde00, 0x000000071c400000| Updating 
| 212|0x000000071c600000, 0x000000071c800000, 0x000000071c800000|100%|HS|  |TAMS 0x000000071c600000, 0x000000071c600000| Complete 
| 213|0x000000071c800000, 0x000000071ca00000, 0x000000071ca00000|100%|HC|  |TAMS 0x000000071c800000, 0x000000071c800000| Complete 
| 214|0x000000071ca00000, 0x000000071ca00000, 0x000000071cc00000|  0%| F|  |TAMS 0x000000071ca00000, 0x000000071ca00000| Untracked 
| 215|0x000000071cc00000, 0x000000071cc00000, 0x000000071ce00000|  0%| F|  |TAMS 0x000000071cc00000, 0x000000071cc00000| Untracked 
| 216|0x000000071ce00000, 0x000000071ce00000, 0x000000071d000000|  0%| F|  |TAMS 0x000000071ce00000, 0x000000071ce00000| Untracked 
| 217|0x000000071d000000, 0x000000071d000000, 0x000000071d200000|  0%| F|  |TAMS 0x000000071d000000, 0x000000071d000000| Untracked 
| 218|0x000000071d200000, 0x000000071d200000, 0x000000071d400000|  0%| F|  |TAMS 0x000000071d200000, 0x000000071d200000| Untracked 
| 219|0x000000071d400000, 0x000000071d400000, 0x000000071d600000|  0%| F|  |TAMS 0x000000071d400000, 0x000000071d400000| Untracked 
| 220|0x000000071d600000, 0x000000071d600000, 0x000000071d800000|  0%| F|  |TAMS 0x000000071d600000, 0x000000071d600000| Untracked 
| 221|0x000000071d800000, 0x000000071d800000, 0x000000071da00000|  0%| F|  |TAMS 0x000000071d800000, 0x000000071d800000| Untracked 
| 222|0x000000071da00000, 0x000000071da00000, 0x000000071dc00000|  0%| F|  |TAMS 0x000000071da00000, 0x000000071da00000| Untracked 
| 223|0x000000071dc00000, 0x000000071dc00000, 0x000000071de00000|  0%| F|  |TAMS 0x000000071dc00000, 0x000000071dc00000| Untracked 
| 224|0x000000071de00000, 0x000000071de00000, 0x000000071e000000|  0%| F|  |TAMS 0x000000071de00000, 0x000000071de00000| Untracked 
| 225|0x000000071e000000, 0x000000071e000000, 0x000000071e200000|  0%| F|  |TAMS 0x000000071e000000, 0x000000071e000000| Untracked 
| 226|0x000000071e200000, 0x000000071e200000, 0x000000071e400000|  0%| F|  |TAMS 0x000000071e200000, 0x000000071e200000| Untracked 
| 227|0x000000071e400000, 0x000000071e400000, 0x000000071e600000|  0%| F|  |TAMS 0x000000071e400000, 0x000000071e400000| Untracked 
| 228|0x000000071e600000, 0x000000071e600000, 0x000000071e800000|  0%| F|  |TAMS 0x000000071e600000, 0x000000071e600000| Untracked 
| 229|0x000000071e800000, 0x000000071e800000, 0x000000071ea00000|  0%| F|  |TAMS 0x000000071e800000, 0x000000071e800000| Untracked 
| 230|0x000000071ea00000, 0x000000071ea00000, 0x000000071ec00000|  0%| F|  |TAMS 0x000000071ea00000, 0x000000071ea00000| Untracked 
| 231|0x000000071ec00000, 0x000000071ec00000, 0x000000071ee00000|  0%| F|  |TAMS 0x000000071ec00000, 0x000000071ec00000| Untracked 
| 232|0x000000071ee00000, 0x000000071ee00000, 0x000000071f000000|  0%| F|  |TAMS 0x000000071ee00000, 0x000000071ee00000| Untracked 
| 233|0x000000071f000000, 0x000000071f000000, 0x000000071f200000|  0%| F|  |TAMS 0x000000071f000000, 0x000000071f000000| Untracked 
| 234|0x000000071f200000, 0x000000071f200000, 0x000000071f400000|  0%| F|  |TAMS 0x000000071f200000, 0x000000071f200000| Untracked 
| 235|0x000000071f400000, 0x000000071f400000, 0x000000071f600000|  0%| F|  |TAMS 0x000000071f400000, 0x000000071f400000| Untracked 
| 236|0x000000071f600000, 0x000000071f600000, 0x000000071f800000|  0%| F|  |TAMS 0x000000071f600000, 0x000000071f600000| Untracked 
| 237|0x000000071f800000, 0x000000071f800000, 0x000000071fa00000|  0%| F|  |TAMS 0x000000071f800000, 0x000000071f800000| Untracked 
| 238|0x000000071fa00000, 0x000000071fa00000, 0x000000071fc00000|  0%| F|  |TAMS 0x000000071fa00000, 0x000000071fa00000| Untracked 
| 239|0x000000071fc00000, 0x000000071fc00000, 0x000000071fe00000|  0%| F|  |TAMS 0x000000071fc00000, 0x000000071fc00000| Untracked 
| 240|0x000000071fe00000, 0x000000071fe00000, 0x0000000720000000|  0%| F|  |TAMS 0x000000071fe00000, 0x000000071fe00000| Untracked 
| 241|0x0000000720000000, 0x0000000720000000, 0x0000000720200000|  0%| F|  |TAMS 0x0000000720000000, 0x0000000720000000| Untracked 
| 242|0x0000000720200000, 0x0000000720200000, 0x0000000720400000|  0%| F|  |TAMS 0x0000000720200000, 0x0000000720200000| Untracked 
| 243|0x0000000720400000, 0x0000000720400000, 0x0000000720600000|  0%| F|  |TAMS 0x0000000720400000, 0x0000000720400000| Untracked 
| 244|0x0000000720600000, 0x0000000720600000, 0x0000000720800000|  0%| F|  |TAMS 0x0000000720600000, 0x0000000720600000| Untracked 
| 245|0x0000000720800000, 0x0000000720800000, 0x0000000720a00000|  0%| F|  |TAMS 0x0000000720800000, 0x0000000720800000| Untracked 
| 246|0x0000000720a00000, 0x0000000720a00000, 0x0000000720c00000|  0%| F|  |TAMS 0x0000000720a00000, 0x0000000720a00000| Untracked 
| 247|0x0000000720c00000, 0x0000000720c00000, 0x0000000720e00000|  0%| F|  |TAMS 0x0000000720c00000, 0x0000000720c00000| Untracked 
| 248|0x0000000720e00000, 0x0000000720e00000, 0x0000000721000000|  0%| F|  |TAMS 0x0000000720e00000, 0x0000000720e00000| Untracked 
| 249|0x0000000721000000, 0x0000000721000000, 0x0000000721200000|  0%| F|  |TAMS 0x0000000721000000, 0x0000000721000000| Untracked 
| 250|0x0000000721200000, 0x0000000721200000, 0x0000000721400000|  0%| F|  |TAMS 0x0000000721200000, 0x0000000721200000| Untracked 
| 251|0x0000000721400000, 0x0000000721400000, 0x0000000721600000|  0%| F|  |TAMS 0x0000000721400000, 0x0000000721400000| Untracked 
| 252|0x0000000721600000, 0x0000000721600000, 0x0000000721800000|  0%| F|  |TAMS 0x0000000721600000, 0x0000000721600000| Untracked 
| 253|0x0000000721800000, 0x0000000721800000, 0x0000000721a00000|  0%| F|  |TAMS 0x0000000721800000, 0x0000000721800000| Untracked 
| 254|0x0000000721a00000, 0x0000000721a00000, 0x0000000721c00000|  0%| F|  |TAMS 0x0000000721a00000, 0x0000000721a00000| Untracked 
| 255|0x0000000721c00000, 0x0000000721c00000, 0x0000000721e00000|  0%| F|  |TAMS 0x0000000721c00000, 0x0000000721c00000| Untracked 
| 256|0x0000000721e00000, 0x0000000721e00000, 0x0000000722000000|  0%| F|  |TAMS 0x0000000721e00000, 0x0000000721e00000| Untracked 
| 257|0x0000000722000000, 0x0000000722000000, 0x0000000722200000|  0%| F|  |TAMS 0x0000000722000000, 0x0000000722000000| Untracked 
| 258|0x0000000722200000, 0x0000000722200000, 0x0000000722400000|  0%| F|  |TAMS 0x0000000722200000, 0x0000000722200000| Untracked 
| 259|0x0000000722400000, 0x000000072259a720, 0x0000000722600000| 80%| S|CS|TAMS 0x0000000722400000, 0x0000000722400000| Complete 
| 260|0x0000000722600000, 0x0000000722600000, 0x0000000722800000|  0%| F|  |TAMS 0x0000000722600000, 0x0000000722600000| Untracked 
| 261|0x0000000722800000, 0x00000007229e13a8, 0x0000000722a00000| 93%| E|  |TAMS 0x0000000722800000, 0x0000000722800000| Complete 

Card table byte_map: [0x00000242727f0000,0x0000024272ff0000] _byte_map_base: 0x000002426efe1000

Marking Bits (Prev, Next): (CMBitMap*) 0x000002425f989630, (CMBitMap*) 0x000002425f989670
 Prev Bits: [0x00000242737f0000, 0x0000024277778000)
 Next Bits: [0x0000024277780000, 0x000002427b708000)

Polling page: 0x000002425d6f0000

Metaspace:

Usage:
  Non-class:     12.77 MB used.
      Class:      1.35 MB used.
       Both:     14.12 MB used.

Virtual space:
  Non-class space:       16.00 MB reserved,      12.88 MB ( 80%) committed,  2 nodes.
      Class space:        1.00 GB reserved,       1.44 MB ( <1%) committed,  1 nodes.
             Both:        1.02 GB reserved,      14.31 MB (  1%) committed. 

Chunk freelists:
   Non-Class:  2.97 MB
       Class:  2.62 MB
        Both:  5.58 MB

MaxMetaspaceSize: unlimited
CompressedClassSpaceSize: 1.00 GB
Initial GC threshold: 21.00 MB
Current GC threshold: 22.12 MB
CDS: off
MetaspaceReclaimPolicy: balanced
 - commit_granule_bytes: 65536.
 - commit_granule_words: 8192.
 - virtual_space_node_default_size: 1048576.
 - enlarge_chunks_in_place: 1.
 - new_chunks_are_fully_committed: 0.
 - uncommit_free_chunks: 1.
 - use_allocation_guard: 0.
 - handle_deallocations: 1.


Internal statistics:

num_allocs_failed_limit: 0.
num_arena_births: 108.
num_arena_deaths: 0.
num_vsnodes_births: 3.
num_vsnodes_deaths: 0.
num_space_committed: 229.
num_space_uncommitted: 0.
num_chunks_returned_to_freelist: 0.
num_chunks_taken_from_freelist: 172.
num_chunk_merges: 0.
num_chunk_splits: 93.
num_chunks_enlarged: 48.
num_purges: 0.
num_inconsistent_stats: 0.

CodeHeap 'non-profiled nmethods': size=120000Kb used=439Kb max_used=439Kb free=119560Kb
 bounds [0x000002426aac0000, 0x000002426ad30000, 0x0000024271ff0000]
CodeHeap 'profiled nmethods': size=120000Kb used=2456Kb max_used=2456Kb free=117543Kb
 bounds [0x0000024263590000, 0x0000024263800000, 0x000002426aac0000]
CodeHeap 'non-nmethods': size=5760Kb used=1262Kb max_used=1285Kb free=4497Kb
 bounds [0x0000024262ff0000, 0x0000024263260000, 0x0000024263590000]
 total_blobs=2017 nmethods=1429 adapters=501
 compilation: enabled
              stopped_count=0, restarted_count=0
 full_count=0

Compilation events (20 events):
Event: 15.832 Thread 0x000002427e8c1960 1421       3       java.awt.image.ComponentSampleModel::verify (6 bytes)
Event: 15.832 Thread 0x000002427e8c1960 nmethod 1421 0x00000242637f0b90 code [0x00000242637f0d20, 0x00000242637f0e68]
Event: 15.834 Thread 0x000002427e8c1960 1422  s    3       javax.imageio.ImageIO::getCacheInfo (36 bytes)
Event: 15.835 Thread 0x000002427e8c1960 nmethod 1422 0x00000242637f0f10 code [0x00000242637f1100, 0x00000242637f15c8]
Event: 15.836 Thread 0x000002427e8c1960 1423       3       sun.awt.image.SunWritableRaster::<init> (20 bytes)
Event: 15.836 Thread 0x000002427e8c1960 nmethod 1423 0x00000242637f1790 code [0x00000242637f1940, 0x00000242637f1c28]
Event: 15.836 Thread 0x000002427e8c1960 1425       3       sun.awt.image.ByteInterleavedRaster::<init> (420 bytes)
Event: 15.839 Thread 0x000002427e8c1960 nmethod 1425 0x00000242637f1d90 code [0x00000242637f20c0, 0x00000242637f3be8]
Event: 15.839 Thread 0x000002427e8c1960 1424       3       java.awt.image.WritableRaster::<init> (12 bytes)
Event: 15.840 Thread 0x000002427e8c1960 nmethod 1424 0x00000242637f4410 code [0x00000242637f45a0, 0x00000242637f46e8]
Event: 15.867 Thread 0x000002427e8c1960 1426       3       javax.imageio.IIOParam::getDestinationOffset (11 bytes)
Event: 15.867 Thread 0x000002427e8c1960 nmethod 1426 0x00000242637f4790 code [0x00000242637f4960, 0x00000242637f4d78]
Event: 15.867 Thread 0x000002427e8c1960 1427   !   3       java.awt.geom.Point2D::clone (15 bytes)
Event: 15.867 Thread 0x000002427e8c1960 nmethod 1427 0x00000242637f4f10 code [0x00000242637f50c0, 0x00000242637f52f8]
Event: 15.903 Thread 0x000002427e8c1960 1428       3       java.lang.ref.Cleaner::register (25 bytes)
Event: 15.904 Thread 0x000002427e8c1960 nmethod 1428 0x00000242637f5410 code [0x00000242637f5600, 0x00000242637f5b68]
Event: 15.904 Thread 0x000002427e8c1960 1429       3       jdk.internal.ref.CleanerImpl$PhantomCleanableRef::<init> (12 bytes)
Event: 15.904 Thread 0x000002427e8c1960 nmethod 1429 0x00000242637f5d90 code [0x00000242637f5f40, 0x00000242637f60e8]
Event: 15.919 Thread 0x000002427e85d030 1430       4       java.util.concurrent.locks.ReentrantLock::lock (8 bytes)
Event: 15.923 Thread 0x000002427e85d030 nmethod 1430 0x000002426ab2da90 code [0x000002426ab2dc20, 0x000002426ab2de48]

GC Heap History (20 events):
Event: 10.658 GC heap before
{Heap before GC invocations=46 (full 0):
 garbage-first heap   total 434176K, used 263246K [0x0000000701e00000, 0x0000000800000000)
  region size 2048K, 6 young (12288K), 1 survivors (2048K)
 Metaspace       used 13484K, committed 13696K, reserved 1064960K
  class space    used 1283K, committed 1408K, reserved 1048576K
}
Event: 10.660 GC heap after
{Heap after GC invocations=47 (full 0):
 garbage-first heap   total 434176K, used 255057K [0x0000000701e00000, 0x0000000800000000)
  region size 2048K, 1 young (2048K), 1 survivors (2048K)
 Metaspace       used 13484K, committed 13696K, reserved 1064960K
  class space    used 1283K, committed 1408K, reserved 1048576K
}
Event: 10.834 GC heap before
{Heap before GC invocations=48 (full 0):
 garbage-first heap   total 448512K, used 273489K [0x0000000701e00000, 0x0000000800000000)
  region size 2048K, 7 young (14336K), 1 survivors (2048K)
 Metaspace       used 13488K, committed 13696K, reserved 1064960K
  class space    used 1283K, committed 1408K, reserved 1048576K
}
Event: 10.835 GC heap after
{Heap after GC invocations=49 (full 0):
 garbage-first heap   total 448512K, used 263256K [0x0000000701e00000, 0x0000000800000000)
  region size 2048K, 1 young (2048K), 1 survivors (2048K)
 Metaspace       used 13488K, committed 13696K, reserved 1064960K
  class space    used 1283K, committed 1408K, reserved 1048576K
}
Event: 11.059 GC heap before
{Heap before GC invocations=50 (full 0):
 garbage-first heap   total 458752K, used 279640K [0x0000000701e00000, 0x0000000800000000)
  region size 2048K, 6 young (12288K), 1 survivors (2048K)
 Metaspace       used 13531K, committed 13696K, reserved 1064960K
  class space    used 1283K, committed 1408K, reserved 1048576K
}
Event: 11.061 GC heap after
{Heap after GC invocations=51 (full 0):
 garbage-first heap   total 458752K, used 271451K [0x0000000701e00000, 0x0000000800000000)
  region size 2048K, 1 young (2048K), 1 survivors (2048K)
 Metaspace       used 13531K, committed 13696K, reserved 1064960K
  class space    used 1283K, committed 1408K, reserved 1048576K
}
Event: 11.184 GC heap before
{Heap before GC invocations=52 (full 0):
 garbage-first heap   total 471040K, used 289883K [0x0000000701e00000, 0x0000000800000000)
  region size 2048K, 7 young (14336K), 1 survivors (2048K)
 Metaspace       used 13531K, committed 13696K, reserved 1064960K
  class space    used 1283K, committed 1408K, reserved 1048576K
}
Event: 11.186 GC heap after
{Heap after GC invocations=53 (full 0):
 garbage-first heap   total 471040K, used 279646K [0x0000000701e00000, 0x0000000800000000)
  region size 2048K, 1 young (2048K), 1 survivors (2048K)
 Metaspace       used 13531K, committed 13696K, reserved 1064960K
  class space    used 1283K, committed 1408K, reserved 1048576K
}
Event: 11.340 GC heap before
{Heap before GC invocations=54 (full 0):
 garbage-first heap   total 485376K, used 296030K [0x0000000701e00000, 0x0000000800000000)
  region size 2048K, 6 young (12288K), 1 survivors (2048K)
 Metaspace       used 13531K, committed 13696K, reserved 1064960K
  class space    used 1283K, committed 1408K, reserved 1048576K
}
Event: 11.341 GC heap after
{Heap after GC invocations=55 (full 0):
 garbage-first heap   total 485376K, used 287839K [0x0000000701e00000, 0x0000000800000000)
  region size 2048K, 1 young (2048K), 1 survivors (2048K)
 Metaspace       used 13531K, committed 13696K, reserved 1064960K
  class space    used 1283K, committed 1408K, reserved 1048576K
}
Event: 11.469 GC heap before
{Heap before GC invocations=56 (full 0):
 garbage-first heap   total 501760K, used 306271K [0x0000000701e00000, 0x0000000800000000)
  region size 2048K, 7 young (14336K), 1 survivors (2048K)
 Metaspace       used 13532K, committed 13696K, reserved 1064960K
  class space    used 1283K, committed 1408K, reserved 1048576K
}
Event: 11.471 GC heap after
{Heap after GC invocations=57 (full 0):
 garbage-first heap   total 501760K, used 296037K [0x0000000701e00000, 0x0000000800000000)
  region size 2048K, 1 young (2048K), 1 survivors (2048K)
 Metaspace       used 13532K, committed 13696K, reserved 1064960K
  class space    used 1283K, committed 1408K, reserved 1048576K
}
Event: 11.603 GC heap before
{Heap before GC invocations=58 (full 0):
 garbage-first heap   total 516096K, used 314469K [0x0000000701e00000, 0x0000000800000000)
  region size 2048K, 7 young (14336K), 1 survivors (2048K)
 Metaspace       used 13532K, committed 13696K, reserved 1064960K
  class space    used 1283K, committed 1408K, reserved 1048576K
}
Event: 11.607 GC heap after
{Heap after GC invocations=59 (full 0):
 garbage-first heap   total 516096K, used 304258K [0x0000000701e00000, 0x0000000800000000)
  region size 2048K, 1 young (2048K), 1 survivors (2048K)
 Metaspace       used 13532K, committed 13696K, reserved 1064960K
  class space    used 1283K, committed 1408K, reserved 1048576K
}
Event: 15.812 GC heap before
{Heap before GC invocations=60 (full 0):
 garbage-first heap   total 530432K, used 521346K [0x0000000701e00000, 0x0000000800000000)
  region size 2048K, 60 young (122880K), 1 survivors (2048K)
 Metaspace       used 14450K, committed 14656K, reserved 1064960K
  class space    used 1384K, committed 1472K, reserved 1048576K
}
Event: 15.816 GC heap after
{Heap after GC invocations=61 (full 0):
 garbage-first heap   total 536576K, used 412638K [0x0000000701e00000, 0x0000000800000000)
  region size 2048K, 4 young (8192K), 4 survivors (8192K)
 Metaspace       used 14450K, committed 14656K, reserved 1064960K
  class space    used 1384K, committed 1472K, reserved 1048576K
}
Event: 15.972 GC heap before
{Heap before GC invocations=61 (full 0):
 garbage-first heap   total 536576K, used 447454K [0x0000000701e00000, 0x0000000800000000)
  region size 2048K, 14 young (28672K), 4 survivors (8192K)
 Metaspace       used 14463K, committed 14656K, reserved 1064960K
  class space    used 1384K, committed 1472K, reserved 1048576K
}
Event: 15.976 GC heap after
{Heap after GC invocations=62 (full 0):
 garbage-first heap   total 536576K, used 430582K [0x0000000701e00000, 0x0000000800000000)
  region size 2048K, 1 young (2048K), 1 survivors (2048K)
 Metaspace       used 14463K, committed 14656K, reserved 1064960K
  class space    used 1384K, committed 1472K, reserved 1048576K
}
Event: 16.003 GC heap before
{Heap before GC invocations=62 (full 0):
 garbage-first heap   total 536576K, used 432630K [0x0000000701e00000, 0x0000000800000000)
  region size 2048K, 3 young (6144K), 1 survivors (2048K)
 Metaspace       used 14463K, committed 14656K, reserved 1064960K
  class space    used 1384K, committed 1472K, reserved 1048576K
}
Event: 16.004 GC heap after
{Heap after GC invocations=63 (full 0):
 garbage-first heap   total 536576K, used 430561K [0x0000000701e00000, 0x0000000800000000)
  region size 2048K, 1 young (2048K), 1 survivors (2048K)
 Metaspace       used 14463K, committed 14656K, reserved 1064960K
  class space    used 1384K, committed 1472K, reserved 1048576K
}

Deoptimization events (20 events):
Event: 14.702 Thread 0x000002425d7fb7b0 DEOPT PACKING pc=0x000002426377a89d sp=0x0000007fc30fec80
Event: 14.702 Thread 0x000002425d7fb7b0 DEOPT UNPACKING pc=0x0000024263042b43 sp=0x0000007fc30fe0e8 mode 0
Event: 14.702 Thread 0x000002425d7fb7b0 DEOPT PACKING pc=0x000002426377a89d sp=0x0000007fc30fec80
Event: 14.702 Thread 0x000002425d7fb7b0 DEOPT UNPACKING pc=0x0000024263042b43 sp=0x0000007fc30fe0e8 mode 0
Event: 14.715 Thread 0x000002425d7fb7b0 DEOPT PACKING pc=0x000002426377a89d sp=0x0000007fc30fec80
Event: 14.715 Thread 0x000002425d7fb7b0 DEOPT UNPACKING pc=0x0000024263042b43 sp=0x0000007fc30fe0e8 mode 0
Event: 14.716 Thread 0x000002425d7fb7b0 DEOPT PACKING pc=0x000002426377a89d sp=0x0000007fc30fec80
Event: 14.716 Thread 0x000002425d7fb7b0 DEOPT UNPACKING pc=0x0000024263042b43 sp=0x0000007fc30fe0e8 mode 0
Event: 14.718 Thread 0x000002425d7fb7b0 DEOPT PACKING pc=0x000002426377a89d sp=0x0000007fc30fec80
Event: 14.718 Thread 0x000002425d7fb7b0 DEOPT UNPACKING pc=0x0000024263042b43 sp=0x0000007fc30fe0e8 mode 0
Event: 15.488 Thread 0x000002425d7fb7b0 DEOPT PACKING pc=0x00000242635a9cd1 sp=0x0000007fc30fe870
Event: 15.489 Thread 0x000002425d7fb7b0 DEOPT UNPACKING pc=0x0000024263042b43 sp=0x0000007fc30fdce8 mode 0
Event: 15.491 Thread 0x000002425d7fb7b0 Uncommon trap: trap_request=0xffffffde fr.pc=0x000002426aafbb4c relative=0x000000000000038c
Event: 15.491 Thread 0x000002425d7fb7b0 Uncommon trap: reason=class_check action=maybe_recompile pc=0x000002426aafbb4c method=java.io.BufferedInputStream.read([BII)I @ 101 c2
Event: 15.491 Thread 0x000002425d7fb7b0 DEOPT PACKING pc=0x000002426aafbb4c sp=0x0000007fc30fef40
Event: 15.491 Thread 0x000002425d7fb7b0 DEOPT UNPACKING pc=0x00000242630423a3 sp=0x0000007fc30fef18 mode 2
Event: 15.521 Thread 0x000002425d7fb7b0 Uncommon trap: trap_request=0xffffff45 fr.pc=0x000002426aafbc30 relative=0x0000000000000470
Event: 15.521 Thread 0x000002425d7fb7b0 Uncommon trap: reason=unstable_if action=reinterpret pc=0x000002426aafbc30 method=java.io.BufferedInputStream.read([BII)I @ 31 c2
Event: 15.521 Thread 0x000002425d7fb7b0 DEOPT PACKING pc=0x000002426aafbc30 sp=0x0000007fc30fd7b0
Event: 15.521 Thread 0x000002425d7fb7b0 DEOPT UNPACKING pc=0x00000242630423a3 sp=0x0000007fc30fd788 mode 2

Classes unloaded (0 events):
No events

Classes redefined (0 events):
No events

Internal exceptions (12 events):
Event: 1.066 Thread 0x000002425d7fb7b0 Exception <a 'java/lang/ClassNotFoundException'{0x0000000711d21a80}: sun/awt/resources/spi/awtProvider> (0x0000000711d21a80) 
thrown [e:\jenkins\tmp\workspace\build\src\src\hotspot\share\classfile\systemDictionary.cpp, line 256]
Event: 1.209 Thread 0x000002425d7fb7b0 Exception <a 'java/io/FileNotFoundException'{0x0000000711d81918}> (0x0000000711d81918) 
thrown [e:\jenkins\tmp\workspace\build\src\src\hotspot\share\prims\jni.cpp, line 516]
Event: 1.227 Thread 0x000002425d7fb7b0 Exception <a 'java/io/FileNotFoundException'{0x0000000711daf068}> (0x0000000711daf068) 
thrown [e:\jenkins\tmp\workspace\build\src\src\hotspot\share\prims\jni.cpp, line 516]
Event: 1.379 Thread 0x000002425d7fb7b0 Exception <a 'java/lang/NoSuchMethodError'{0x0000000711decc28}: 'java.lang.Object java.lang.invoke.DirectMethodHandle$Holder.invokeStaticInit(java.lang.Object)'> (0x0000000711decc28) 
thrown [e:\jenkins\tmp\workspace\build\src\src\hotspot\share\interpreter\linkResolver.cpp, line 766]
Event: 1.572 Thread 0x000002425d7fb7b0 Exception <a 'java/lang/NoSuchMethodError'{0x0000000711ab4350}: 'void java.lang.invoke.DirectMethodHandle$Holder.invokeSpecial(java.lang.Object, java.lang.Object, java.lang.Object)'> (0x0000000711ab4350) 
thrown [e:\jenkins\tmp\workspace\build\src\src\hotspot\share\interpreter\linkResolver.cpp, line 766]
Event: 1.592 Thread 0x000002425d7fb7b0 Exception <a 'java/lang/NoSuchMethodError'{0x0000000711ade900}: 'java.lang.Object java.lang.invoke.DirectMethodHandle$Holder.newInvokeSpecial(java.lang.Object, java.lang.Object, java.lang.Object, java.lang.Object, java.lang.Object)'> (0x0000000711ade900) 
thrown [e:\jenkins\tmp\workspace\build\src\src\hotspot\share\interpreter\linkResolver.cpp, line 766]
Event: 1.596 Thread 0x000002425d7fb7b0 Exception <a 'java/lang/NoSuchMethodError'{0x0000000711aea2c8}: 'java.lang.Object java.lang.invoke.DirectMethodHandle$Holder.invokeStatic(java.lang.Object, int, java.lang.Object, java.lang.Object, java.lang.Object, java.lang.Object)'> (0x0000000711aea2c8) 
thrown [e:\jenkins\tmp\workspace\build\src\src\hotspot\share\interpreter\linkResolver.cpp, line 766]
Event: 1.628 Thread 0x000002425d7fb7b0 Exception <a 'java/lang/NoSuchMethodError'{0x0000000711b0fce8}: 'java.lang.Object java.lang.invoke.DirectMethodHandle$Holder.invokeStatic(java.lang.Object, int, java.lang.Object)'> (0x0000000711b0fce8) 
thrown [e:\jenkins\tmp\workspace\build\src\src\hotspot\share\interpreter\linkResolver.cpp, line 766]
Event: 1.713 Thread 0x000002425d7fb7b0 Exception <a 'java/lang/ClassNotFoundException'{0x0000000711bc7ca0}: com/sun/swing/internal/plaf/metal/resources/spi/metalProvider> (0x0000000711bc7ca0) 
thrown [e:\jenkins\tmp\workspace\build\src\src\hotspot\share\classfile\systemDictionary.cpp, line 256]
Event: 1.715 Thread 0x000002425d7fb7b0 Exception <a 'java/lang/ClassNotFoundException'{0x0000000711bcbad8}: com/sun/swing/internal/plaf/basic/resources/spi/basicProvider> (0x0000000711bcbad8) 
thrown [e:\jenkins\tmp\workspace\build\src\src\hotspot\share\classfile\systemDictionary.cpp, line 256]
Event: 1.998 Thread 0x000002427ebfe1b0 Exception <a 'java/lang/NoSuchMethodError'{0x0000000711a0f848}: 'void java.lang.invoke.DirectMethodHandle$Holder.invokeVirtual(java.lang.Object, java.lang.Object)'> (0x0000000711a0f848) 
thrown [e:\jenkins\tmp\workspace\build\src\src\hotspot\share\interpreter\linkResolver.cpp, line 766]
Event: 2.012 Thread 0x000002425d7fb7b0 Exception <a 'java/lang/NoSuchMethodError'{0x000000071185bc20}: 'void java.lang.invoke.DirectMethodHandle$Holder.invokeStaticInit(java.lang.Object)'> (0x000000071185bc20) 
thrown [e:\jenkins\tmp\workspace\build\src\src\hotspot\share\interpreter\linkResolver.cpp, line 766]

VM Operations (20 events):
Event: 12.639 Executing VM operation: Cleanup done
Event: 13.647 Executing VM operation: Cleanup
Event: 13.648 Executing VM operation: Cleanup done
Event: 14.648 Executing VM operation: Cleanup
Event: 14.648 Executing VM operation: Cleanup done
Event: 15.497 Executing VM operation: HandshakeAllThreads
Event: 15.497 Executing VM operation: HandshakeAllThreads done
Event: 15.807 Executing VM operation: G1CollectForAllocation
Event: 15.807 Executing VM operation: G1CollectForAllocation done
Event: 15.812 Executing VM operation: G1CollectForAllocation
Event: 15.816 Executing VM operation: G1CollectForAllocation done
Event: 15.952 Executing VM operation: G1CollectForAllocation
Event: 15.952 Executing VM operation: G1CollectForAllocation done
Event: 15.972 Executing VM operation: G1CollectForAllocation
Event: 15.976 Executing VM operation: G1CollectForAllocation done
Event: 15.990 Executing VM operation: G1TryInitiateConcMark
Event: 15.990 Executing VM operation: G1TryInitiateConcMark done
Event: 16.003 Executing VM operation: G1CollectForAllocation
Event: 16.004 Executing VM operation: G1CollectForAllocation done
Event: 16.015 Executing VM operation: G1Concurrent

Events (20 events):
Event: 15.520 loading class jdk/internal/jimage/decompressor/ZipDecompressor
Event: 15.520 loading class jdk/internal/jimage/decompressor/ResourceDecompressor
Event: 15.520 loading class jdk/internal/jimage/decompressor/ResourceDecompressor done
Event: 15.520 loading class jdk/internal/jimage/decompressor/ZipDecompressor done
Event: 15.526 loading class com/sun/imageio/plugins/jpeg/ImageTypeProducer
Event: 15.526 loading class com/sun/imageio/plugins/jpeg/ImageTypeProducer done
Event: 15.526 loading class com/sun/imageio/plugins/jpeg/JPEGImageReader$2
Event: 15.526 loading class com/sun/imageio/plugins/jpeg/JPEGImageReader$2 done
Event: 15.526 loading class com/sun/imageio/plugins/jpeg/ImageTypeIterator
Event: 15.526 loading class com/sun/imageio/plugins/jpeg/ImageTypeIterator done
Event: 15.527 loading class java/awt/image/ColorConvertOp
Event: 15.527 loading class java/awt/image/BufferedImageOp
Event: 15.527 loading class java/awt/image/BufferedImageOp done
Event: 15.527 loading class java/awt/image/RasterOp
Event: 15.528 loading class java/awt/image/RasterOp done
Event: 15.528 loading class java/awt/image/ColorConvertOp done
Event: 15.529 loading class sun/java2d/cmm/lcms/LCMSImageLayout$BandOrder
Event: 15.529 loading class sun/java2d/cmm/lcms/LCMSImageLayout$BandOrder done
Event: 15.529 loading class sun/java2d/cmm/lcms/LCMSImageLayout$1
Event: 15.529 loading class sun/java2d/cmm/lcms/LCMSImageLayout$1 done


Dynamic libraries:
0x00007ff68f060000 - 0x00007ff68f06e000 	C:\Users\Hamir\.p2\pool\plugins\org.eclipse.justj.openjdk.hotspot.jre.full.win32.x86_64_17.0.0.v20211012-1059\jre\bin\javaw.exe
0x00007ffd6fdf0000 - 0x00007ffd6ffe5000 	C:\Windows\SYSTEM32\ntdll.dll
0x00007ffd6f320000 - 0x00007ffd6f3de000 	C:\Windows\System32\KERNEL32.DLL
0x00007ffd6d600000 - 0x00007ffd6d8c8000 	C:\Windows\System32\KERNELBASE.dll
0x00007ffd6db60000 - 0x00007ffd6dc60000 	C:\Windows\System32\ucrtbase.dll
0x00007ffd5ead0000 - 0x00007ffd5eae8000 	C:\Users\Hamir\.p2\pool\plugins\org.eclipse.justj.openjdk.hotspot.jre.full.win32.x86_64_17.0.0.v20211012-1059\jre\bin\jli.dll
0x00007ffd6eee0000 - 0x00007ffd6f081000 	C:\Windows\System32\USER32.dll
0x00007ffd6db30000 - 0x00007ffd6db52000 	C:\Windows\System32\win32u.dll
0x00007ffd6f400000 - 0x00007ffd6f42b000 	C:\Windows\System32\GDI32.dll
0x00007ffd6dc60000 - 0x00007ffd6dd6d000 	C:\Windows\System32\gdi32full.dll
0x00007ffd6d500000 - 0x00007ffd6d59d000 	C:\Windows\System32\msvcp_win.dll
0x00007ffd60ab0000 - 0x00007ffd60ac9000 	C:\Users\Hamir\.p2\pool\plugins\org.eclipse.justj.openjdk.hotspot.jre.full.win32.x86_64_17.0.0.v20211012-1059\jre\bin\VCRUNTIME140.dll
0x00007ffd5e070000 - 0x00007ffd5e30a000 	C:\Windows\WinSxS\amd64_microsoft.windows.common-controls_6595b64144ccf1df_6.0.19041.1110_none_60b5254171f9507e\COMCTL32.dll
0x00007ffd6e8e0000 - 0x00007ffd6e97e000 	C:\Windows\System32\msvcrt.dll
0x00007ffd6e1f0000 - 0x00007ffd6e220000 	C:\Windows\System32\IMM32.DLL
0x00007ffd64d70000 - 0x00007ffd64d7c000 	C:\Users\Hamir\.p2\pool\plugins\org.eclipse.justj.openjdk.hotspot.jre.full.win32.x86_64_17.0.0.v20211012-1059\jre\bin\vcruntime140_1.dll
0x00007ffd485e0000 - 0x00007ffd48671000 	C:\Users\Hamir\.p2\pool\plugins\org.eclipse.justj.openjdk.hotspot.jre.full.win32.x86_64_17.0.0.v20211012-1059\jre\bin\msvcp140.dll
0x00007ffcf6720000 - 0x00007ffcf7366000 	C:\Users\Hamir\.p2\pool\plugins\org.eclipse.justj.openjdk.hotspot.jre.full.win32.x86_64_17.0.0.v20211012-1059\jre\bin\server\jvm.dll
0x00007ffd6e6b0000 - 0x00007ffd6e75e000 	C:\Windows\System32\ADVAPI32.dll
0x00007ffd6fd10000 - 0x00007ffd6fdac000 	C:\Windows\System32\sechost.dll
0x00007ffd6f1f0000 - 0x00007ffd6f315000 	C:\Windows\System32\RPCRT4.dll
0x00007ffd6e150000 - 0x00007ffd6e158000 	C:\Windows\System32\PSAPI.DLL
0x00007ffd658d0000 - 0x00007ffd658d9000 	C:\Windows\SYSTEM32\WSOCK32.dll
0x00007ffd6f090000 - 0x00007ffd6f0fb000 	C:\Windows\System32\WS2_32.dll
0x00007ffd52720000 - 0x00007ffd52747000 	C:\Windows\SYSTEM32\WINMM.dll
0x00007ffd64200000 - 0x00007ffd6420a000 	C:\Windows\SYSTEM32\VERSION.dll
0x00007ffd6bdd0000 - 0x00007ffd6bde2000 	C:\Windows\SYSTEM32\kernel.appcore.dll
0x00007ffd64910000 - 0x00007ffd6491a000 	C:\Users\Hamir\.p2\pool\plugins\org.eclipse.justj.openjdk.hotspot.jre.full.win32.x86_64_17.0.0.v20211012-1059\jre\bin\jimage.dll
0x00007ffd6bb60000 - 0x00007ffd6bd44000 	C:\Windows\SYSTEM32\DBGHELP.DLL
0x00007ffd62460000 - 0x00007ffd6248c000 	C:\Windows\SYSTEM32\dbgcore.DLL
0x00007ffd6dda0000 - 0x00007ffd6de22000 	C:\Windows\System32\bcryptPrimitives.dll
0x00007ffd64770000 - 0x00007ffd64795000 	C:\Users\Hamir\.p2\pool\plugins\org.eclipse.justj.openjdk.hotspot.jre.full.win32.x86_64_17.0.0.v20211012-1059\jre\bin\java.dll
0x00007ffd64010000 - 0x00007ffd64028000 	C:\Users\Hamir\.p2\pool\plugins\org.eclipse.justj.openjdk.hotspot.jre.full.win32.x86_64_17.0.0.v20211012-1059\jre\bin\zip.dll
0x00007ffd6f5c0000 - 0x00007ffd6fd04000 	C:\Windows\System32\SHELL32.dll
0x00007ffd6b3c0000 - 0x00007ffd6bb55000 	C:\Windows\SYSTEM32\windows.storage.dll
0x00007ffd6e350000 - 0x00007ffd6e6a5000 	C:\Windows\System32\combase.dll
0x00007ffd6cee0000 - 0x00007ffd6cf0e000 	C:\Windows\SYSTEM32\Wldp.dll
0x00007ffd6f510000 - 0x00007ffd6f5bd000 	C:\Windows\System32\SHCORE.dll
0x00007ffd6e090000 - 0x00007ffd6e0e5000 	C:\Windows\System32\shlwapi.dll
0x00007ffd6d440000 - 0x00007ffd6d45f000 	C:\Windows\SYSTEM32\profapi.dll
0x00007ffd48310000 - 0x00007ffd4849e000 	C:\Users\Hamir\.p2\pool\plugins\org.eclipse.justj.openjdk.hotspot.jre.full.win32.x86_64_17.0.0.v20211012-1059\jre\bin\awt.dll
0x00007ffd6e980000 - 0x00007ffd6ea4d000 	C:\Windows\System32\OLEAUT32.dll
0x00007ffd678c0000 - 0x00007ffd67950000 	C:\Windows\SYSTEM32\apphelp.dll
0x00007ffd679c0000 - 0x00007ffd67a5e000 	C:\Windows\system32\uxtheme.dll
0x00007ffd6e760000 - 0x00007ffd6e875000 	C:\Windows\System32\MSCTF.dll
0x00007ffd6e220000 - 0x00007ffd6e34a000 	C:\Windows\System32\ole32.dll
0x00007ffd67bb0000 - 0x00007ffd67bdf000 	C:\Windows\system32\DWMAPI.DLL
0x00007ffd443e0000 - 0x00007ffd44505000 	C:\Windows\system32\opengl32.dll
0x00007ffd471f0000 - 0x00007ffd4721c000 	C:\Windows\SYSTEM32\GLU32.dll
0x00007ffd48160000 - 0x00007ffd481e9000 	C:\Users\Hamir\.p2\pool\plugins\org.eclipse.justj.openjdk.hotspot.jre.full.win32.x86_64_17.0.0.v20211012-1059\jre\bin\freetype.dll
0x00007ffd46d40000 - 0x00007ffd46de8000 	C:\Users\Hamir\.p2\pool\plugins\org.eclipse.justj.openjdk.hotspot.jre.full.win32.x86_64_17.0.0.v20211012-1059\jre\bin\fontmanager.dll
0x00007ffd629d0000 - 0x00007ffd629e9000 	C:\Users\Hamir\.p2\pool\plugins\org.eclipse.justj.openjdk.hotspot.jre.full.win32.x86_64_17.0.0.v20211012-1059\jre\bin\net.dll
0x00007ffd654b0000 - 0x00007ffd655bc000 	C:\Windows\SYSTEM32\WINHTTP.dll
0x00007ffd6cbe0000 - 0x00007ffd6cc4a000 	C:\Windows\system32\mswsock.dll
0x00007ffd61100000 - 0x00007ffd61115000 	C:\Users\Hamir\.p2\pool\plugins\org.eclipse.justj.openjdk.hotspot.jre.full.win32.x86_64_17.0.0.v20211012-1059\jre\bin\nio.dll
0x00007ffd520e0000 - 0x00007ffd521d9000 	C:\Windows\SYSTEM32\textinputframework.dll
0x00007ffd671d0000 - 0x00007ffd6752e000 	C:\Windows\System32\CoreUIComponents.dll
0x00007ffd67630000 - 0x00007ffd67722000 	C:\Windows\System32\CoreMessaging.dll
0x00007ffd6c1f0000 - 0x00007ffd6c223000 	C:\Windows\SYSTEM32\ntmarta.dll
0x00007ffd665f0000 - 0x00007ffd66744000 	C:\Windows\SYSTEM32\wintypes.dll
0x00007ffd54cd0000 - 0x00007ffd54d36000 	C:\Windows\system32\Oleacc.dll
0x00007ffd54a20000 - 0x00007ffd54a31000 	C:\Users\Hamir\.p2\pool\plugins\org.eclipse.justj.openjdk.hotspot.jre.full.win32.x86_64_17.0.0.v20211012-1059\jre\bin\jsound.dll
0x00007ffd3d550000 - 0x00007ffd3d5ec000 	C:\Windows\SYSTEM32\DSOUND.dll
0x00007ffd3d520000 - 0x00007ffd3d546000 	C:\Windows\SYSTEM32\winmmbase.dll
0x00007ffd6d2c0000 - 0x00007ffd6d30b000 	C:\Windows\SYSTEM32\powrprof.dll
0x00007ffd6d2a0000 - 0x00007ffd6d2b2000 	C:\Windows\SYSTEM32\UMPDC.dll
0x00007ffd6dfe0000 - 0x00007ffd6e089000 	C:\Windows\System32\clbcatq.dll
0x00007ffd62340000 - 0x00007ffd623c5000 	C:\Windows\System32\MMDevApi.dll
0x00007ffd6d230000 - 0x00007ffd6d264000 	C:\Windows\System32\DEVOBJ.dll
0x00007ffd6d980000 - 0x00007ffd6d9ce000 	C:\Windows\System32\cfgmgr32.dll
0x00007ffd467d0000 - 0x00007ffd46816000 	C:\Windows\SYSTEM32\wdmaud.drv
0x00007ffd61770000 - 0x00007ffd61779000 	C:\Windows\SYSTEM32\ksuser.dll
0x00007ffd641b0000 - 0x00007ffd641ba000 	C:\Windows\SYSTEM32\AVRT.dll
0x00007ffd47060000 - 0x00007ffd471e1000 	C:\Windows\SYSTEM32\AUDIOSES.DLL
0x00007ffd611f0000 - 0x00007ffd611fd000 	C:\Windows\SYSTEM32\msacm32.drv
0x00007ffd5e560000 - 0x00007ffd5e57e000 	C:\Windows\SYSTEM32\MSACM32.dll
0x00007ffd5ed70000 - 0x00007ffd5ed7b000 	C:\Windows\SYSTEM32\midimap.dll
0x00007ffd67ab0000 - 0x00007ffd67ac4000 	C:\Windows\SYSTEM32\resourcepolicyclient.dll
0x00007ffd51550000 - 0x00007ffd51691000 	C:\Windows\System32\Windows.UI.dll
0x00007ffd514a0000 - 0x00007ffd51541000 	C:\Windows\System32\WindowManagementAPI.dll
0x00007ffd62b00000 - 0x00007ffd62d01000 	C:\Windows\SYSTEM32\twinapi.appcore.dll
0x00007ffd51340000 - 0x00007ffd51492000 	C:\Windows\System32\InputHost.dll
0x00007ffd64c00000 - 0x00007ffd64cf6000 	C:\Windows\System32\PROPSYS.dll
0x00007ffd5eaf0000 - 0x00007ffd5eb1d000 	C:\Users\Hamir\.p2\pool\plugins\org.eclipse.justj.openjdk.hotspot.jre.full.win32.x86_64_17.0.0.v20211012-1059\jre\bin\javajpeg.dll
0x00007ffd48570000 - 0x00007ffd485b1000 	C:\Users\Hamir\.p2\pool\plugins\org.eclipse.justj.openjdk.hotspot.jre.full.win32.x86_64_17.0.0.v20211012-1059\jre\bin\lcms.dll

dbghelp: loaded successfully - version: 4.0.5 - missing functions: none
symbol engine: initialized successfully - sym options: 0x614 - pdb path: .;C:\Users\Hamir\.p2\pool\plugins\org.eclipse.justj.openjdk.hotspot.jre.full.win32.x86_64_17.0.0.v20211012-1059\jre\bin;C:\Windows\SYSTEM32;C:\Windows\WinSxS\amd64_microsoft.windows.common-controls_6595b64144ccf1df_6.0.19041.1110_none_60b5254171f9507e;C:\Users\Hamir\.p2\pool\plugins\org.eclipse.justj.openjdk.hotspot.jre.full.win32.x86_64_17.0.0.v20211012-1059\jre\bin\server

VM Arguments:
jvm_args: -Dfile.encoding=Cp1252 -XX:+ShowCodeDetailsInExceptionMessages 
java_command: animation.MainMenu
java_class_path (initial): C:\Users\Hamir\git\game\RobotGamee\bin
Launcher Type: SUN_STANDARD

[Global flags]
     intx CICompilerCount                          = 3                                         {product} {ergonomic}
     uint ConcGCThreads                            = 1                                         {product} {ergonomic}
     uint G1ConcRefinementThreads                  = 4                                         {product} {ergonomic}
   size_t G1HeapRegionSize                         = 2097152                                   {product} {ergonomic}
    uintx GCDrainStackTargetSize                   = 64                                        {product} {ergonomic}
   size_t InitialHeapSize                          = 268435456                                 {product} {ergonomic}
   size_t MarkStackSize                            = 4194304                                   {product} {ergonomic}
   size_t MaxHeapSize                              = 4263510016                                {product} {ergonomic}
   size_t MaxNewSize                               = 2556428288                                {product} {ergonomic}
   size_t MinHeapDeltaBytes                        = 2097152                                   {product} {ergonomic}
   size_t MinHeapSize                              = 8388608                                   {product} {ergonomic}
    uintx NonNMethodCodeHeapSize                   = 5832780                                {pd product} {ergonomic}
    uintx NonProfiledCodeHeapSize                  = 122912730                              {pd product} {ergonomic}
    uintx ProfiledCodeHeapSize                     = 122912730                              {pd product} {ergonomic}
    uintx ReservedCodeCacheSize                    = 251658240                              {pd product} {ergonomic}
     bool SegmentedCodeCache                       = true                                      {product} {ergonomic}
     bool ShowCodeDetailsInExceptionMessages       = true                                   {manageable} {command line}
   size_t SoftMaxHeapSize                          = 4263510016                             {manageable} {ergonomic}
     bool UseCompressedClassPointers               = true                           {product lp64_product} {ergonomic}
     bool UseCompressedOops                        = true                           {product lp64_product} {ergonomic}
     bool UseG1GC                                  = true                                      {product} {ergonomic}
     bool UseLargePagesIndividualAllocation        = false                                  {pd product} {ergonomic}

Logging:
Log output configuration:
 #0: stdout all=warning uptime,level,tags
 #1: stderr all=off uptime,level,tags

Environment Variables:
PATH=C:/Users/Hamir/.p2/pool/plugins/org.eclipse.justj.openjdk.hotspot.jre.full.win32.x86_64_17.0.0.v20211012-1059/jre/bin/server;C:/Users/Hamir/.p2/pool/plugins/org.eclipse.justj.openjdk.hotspot.jre.full.win32.x86_64_17.0.0.v20211012-1059/jre/bin;C:\Windows\system32;C:\Windows;C:\Windows\System32\Wbem;C:\Windows\System32\WindowsPowerShell\v1.0\;C:\Windows\System32\OpenSSH\;C:\Users\Hamir\AppData\Local\Microsoft\WindowsApps;;C:\Users\Hamir\OneDrive\Desktop;
USERNAME=Hamir
OS=Windows_NT
PROCESSOR_IDENTIFIER=Intel64 Family 6 Model 78 Stepping 3, GenuineIntel



---------------  S Y S T E M  ---------------

OS:
 Windows 10 , 64 bit Build 19041 (10.0.19041.1466)
OS uptime: 7 days 10:03 hours

CPU: total 4 (initial active 4) (2 cores per cpu, 2 threads per core) family 6 model 78 stepping 3 microcode 0xd6, cx8, cmov, fxsr, ht, mmx, 3dnowpref, sse, sse2, sse3, ssse3, sse4.1, sse4.2, popcnt, lzcnt, tsc, tscinvbit, avx, avx2, aes, erms, clmul, bmi1, bmi2, adx, fma, vzeroupper, clflush, clflushopt

Memory: 4k page, system-wide physical 16263M (749M free)
TotalPageFile size 46652M (AvailPageFile size 70M)
current process WorkingSet (physical memory assigned to process): 603M, peak: 603M
current process commit charge ("private bytes"): 634M, peak: 824M

vm_info: OpenJDK 64-Bit Server VM (17+35) for windows-amd64 JRE (17+35), built on Sep 14 2021 17:27:39 by "" with MS VC++ 16.7 (VS2019)

END.
